2024-05-15 17:36:16,222 [Worker-2: Loading available Gradle versions] INFO  o.e.b.c.i.u.g.PublishedGradleVersions - Gradle version information cache is up-to-date. Trying to read.
2024-05-15 17:39:14,669 [Worker-1: Loading available Gradle versions] INFO  o.e.b.c.i.u.g.PublishedGradleVersions - Gradle version information cache is up-to-date. Trying to read.
2024-05-15 18:29:17,188 [Worker-4: Loading available Gradle versions] INFO  o.e.b.c.i.u.g.PublishedGradleVersions - Gradle version information cache is up-to-date. Trying to read.
2024-05-15 18:29:54,084 [Thread-4] ERROR o.e.jgit.internal.util.ShutdownHook - Cleanup during JVM shutdown failed
java.util.concurrent.ExecutionException: java.lang.ExceptionInInitializerError
	at java.base/java.util.concurrent.ForkJoinTask.reportExecutionException(ForkJoinTask.java:605)
	at java.base/java.util.concurrent.ForkJoinTask.get(ForkJoinTask.java:1004)
	at org.eclipse.jgit.internal.util.ShutdownHook.cleanup(ShutdownHook.java:82)
	at java.base/java.lang.Thread.run(Thread.java:840)
Caused by: java.lang.ExceptionInInitializerError: null
	at java.base/jdk.internal.reflect.NativeConstructorAccessorImpl.newInstance0(Native Method)
	at java.base/jdk.internal.reflect.NativeConstructorAccessorImpl.newInstance(NativeConstructorAccessorImpl.java:77)
	at java.base/jdk.internal.reflect.DelegatingConstructorAccessorImpl.newInstance(DelegatingConstructorAccessorImpl.java:45)
	at java.base/java.lang.reflect.Constructor.newInstanceWithCaller(Constructor.java:499)
	at java.base/java.lang.reflect.Constructor.newInstance(Constructor.java:480)
	at java.base/java.util.concurrent.ForkJoinTask.getThrowableException(ForkJoinTask.java:562)
	at java.base/java.util.concurrent.ForkJoinTask.reportExecutionException(ForkJoinTask.java:604)
	... 3 common frames omitted
Caused by: java.lang.ExceptionInInitializerError: null
	at jp.sourceforge.mergedoc.pleiades.runtime.resource.TranslationDictionary.lookupInternal(TranslationDictionary.java:469)
	at jp.sourceforge.mergedoc.pleiades.runtime.resource.TranslationDictionary.lookup(TranslationDictionary.java:390)
	at jp.sourceforge.mergedoc.pleiades.runtime.resource.TranslationCache.translate(TranslationCache.java:176)
	at jp.sourceforge.mergedoc.pleiades.runtime.resource.TranslationCache.translateMnemonic(TranslationCache.java:117)
	at jp.sourceforge.mergedoc.pleiades.runtime.resource.Translationz.translate(Translationz.java:54)
	at org.eclipse.jgit.nls.TranslationBundle.load(TranslationBundle.java:148)
	at org.eclipse.jgit.nls.GlobalBundleCache.lookupBundle(GlobalBundleCache.java:64)
	at org.eclipse.jgit.nls.NLS.get(NLS.java:127)
	at org.eclipse.jgit.nls.NLS.getBundleFor(NLS.java:103)
	at org.eclipse.jgit.internal.JGitText.get(JGitText.java:29)
	at org.eclipse.jgit.internal.util.ShutdownHook.notify(ShutdownHook.java:97)
	at java.base/java.util.stream.ForEachOps$ForEachOp$OfRef.accept(ForEachOps.java:183)
	at java.base/java.util.concurrent.ConcurrentHashMap$KeySpliterator.forEachRemaining(ConcurrentHashMap.java:3573)
	at java.base/java.util.stream.AbstractPipeline.copyInto(AbstractPipeline.java:509)
	at java.base/java.util.stream.ForEachOps$ForEachTask.compute(ForEachOps.java:290)
	at java.base/java.util.concurrent.CountedCompleter.exec(CountedCompleter.java:754)
	at java.base/java.util.concurrent.ForkJoinTask.doExec(ForkJoinTask.java:373)
	at java.base/java.util.concurrent.ForkJoinTask.invoke(ForkJoinTask.java:686)
	at java.base/java.util.stream.ForEachOps$ForEachOp.evaluateParallel(ForEachOps.java:159)
	at java.base/java.util.stream.ForEachOps$ForEachOp$OfRef.evaluateParallel(ForEachOps.java:173)
	at java.base/java.util.stream.AbstractPipeline.evaluate(AbstractPipeline.java:233)
	at java.base/java.util.stream.ReferencePipeline.forEach(ReferencePipeline.java:596)
	at java.base/java.util.stream.ReferencePipeline$Head.forEach(ReferencePipeline.java:765)
	at org.eclipse.jgit.internal.util.ShutdownHook.doCleanup(ShutdownHook.java:93)
	at org.eclipse.jgit.internal.util.ShutdownHook.lambda$1(ShutdownHook.java:80)
	at java.base/java.util.concurrent.ForkJoinTask$AdaptedCallable.exec(ForkJoinTask.java:1428)
	at java.base/java.util.concurrent.ForkJoinTask.doExec(ForkJoinTask.java:373)
	at java.base/java.util.concurrent.ForkJoinPool$WorkQueue.topLevelExec(ForkJoinPool.java:1182)
	at java.base/java.util.concurrent.ForkJoinPool.scan(ForkJoinPool.java:1655)
	at java.base/java.util.concurrent.ForkJoinPool.runWorker(ForkJoinPool.java:1622)
	at java.base/java.util.concurrent.ForkJoinWorkerThread.run(ForkJoinWorkerThread.java:165)
Caused by: java.lang.IllegalStateException: Shutdown in progress
	at java.base/java.lang.ApplicationShutdownHooks.add(ApplicationShutdownHooks.java:66)
	at java.base/java.lang.Runtime.addShutdownHook(Runtime.java:216)
	at jp.sourceforge.mergedoc.pleiades.log.FileLogger.<init>(FileLogger.java:56)
	at jp.sourceforge.mergedoc.pleiades.log.Logger.getLoggerInternal(Logger.java:184)
	at jp.sourceforge.mergedoc.pleiades.log.Logger.getLogger(Logger.java:61)
	at jp.sourceforge.mergedoc.pleiades.resource.TranslationString.<clinit>(TranslationString.java:32)
	... 31 common frames omitted
2024-05-16 13:36:29,498 [Worker-6: Loading available Gradle versions] INFO  o.e.b.c.i.u.g.PublishedGradleVersions - Gradle version information cache is up-to-date. Trying to read.
2024-05-16 13:36:36,837 [Thread-4] ERROR o.e.jgit.internal.util.ShutdownHook - Cleanup during JVM shutdown failed
java.util.concurrent.ExecutionException: java.lang.ExceptionInInitializerError
	at java.base/java.util.concurrent.ForkJoinTask.reportExecutionException(ForkJoinTask.java:605)
	at java.base/java.util.concurrent.ForkJoinTask.get(ForkJoinTask.java:1004)
	at org.eclipse.jgit.internal.util.ShutdownHook.cleanup(ShutdownHook.java:82)
	at java.base/java.lang.Thread.run(Thread.java:840)
Caused by: java.lang.ExceptionInInitializerError: null
	at java.base/jdk.internal.reflect.NativeConstructorAccessorImpl.newInstance0(Native Method)
	at java.base/jdk.internal.reflect.NativeConstructorAccessorImpl.newInstance(NativeConstructorAccessorImpl.java:77)
	at java.base/jdk.internal.reflect.DelegatingConstructorAccessorImpl.newInstance(DelegatingConstructorAccessorImpl.java:45)
	at java.base/java.lang.reflect.Constructor.newInstanceWithCaller(Constructor.java:499)
	at java.base/java.lang.reflect.Constructor.newInstance(Constructor.java:480)
	at java.base/java.util.concurrent.ForkJoinTask.getThrowableException(ForkJoinTask.java:562)
	at java.base/java.util.concurrent.ForkJoinTask.reportExecutionException(ForkJoinTask.java:604)
	... 3 common frames omitted
Caused by: java.lang.ExceptionInInitializerError: null
	at jp.sourceforge.mergedoc.pleiades.runtime.resource.TranslationDictionary.lookupInternal(TranslationDictionary.java:469)
	at jp.sourceforge.mergedoc.pleiades.runtime.resource.TranslationDictionary.lookup(TranslationDictionary.java:390)
	at jp.sourceforge.mergedoc.pleiades.runtime.resource.TranslationCache.translate(TranslationCache.java:176)
	at jp.sourceforge.mergedoc.pleiades.runtime.resource.TranslationCache.translateMnemonic(TranslationCache.java:117)
	at jp.sourceforge.mergedoc.pleiades.runtime.resource.Translationz.translate(Translationz.java:54)
	at org.eclipse.jgit.nls.TranslationBundle.load(TranslationBundle.java:148)
	at org.eclipse.jgit.nls.GlobalBundleCache.lookupBundle(GlobalBundleCache.java:64)
	at org.eclipse.jgit.nls.NLS.get(NLS.java:127)
	at org.eclipse.jgit.nls.NLS.getBundleFor(NLS.java:103)
	at org.eclipse.jgit.internal.JGitText.get(JGitText.java:29)
	at org.eclipse.jgit.internal.util.ShutdownHook.notify(ShutdownHook.java:97)
	at java.base/java.util.stream.ForEachOps$ForEachOp$OfRef.accept(ForEachOps.java:183)
	at java.base/java.util.concurrent.ConcurrentHashMap$KeySpliterator.forEachRemaining(ConcurrentHashMap.java:3573)
	at java.base/java.util.stream.AbstractPipeline.copyInto(AbstractPipeline.java:509)
	at java.base/java.util.stream.ForEachOps$ForEachTask.compute(ForEachOps.java:290)
	at java.base/java.util.concurrent.CountedCompleter.exec(CountedCompleter.java:754)
	at java.base/java.util.concurrent.ForkJoinTask.doExec(ForkJoinTask.java:373)
	at java.base/java.util.concurrent.ForkJoinTask.invoke(ForkJoinTask.java:686)
	at java.base/java.util.stream.ForEachOps$ForEachOp.evaluateParallel(ForEachOps.java:159)
	at java.base/java.util.stream.ForEachOps$ForEachOp$OfRef.evaluateParallel(ForEachOps.java:173)
	at java.base/java.util.stream.AbstractPipeline.evaluate(AbstractPipeline.java:233)
	at java.base/java.util.stream.ReferencePipeline.forEach(ReferencePipeline.java:596)
	at java.base/java.util.stream.ReferencePipeline$Head.forEach(ReferencePipeline.java:765)
	at org.eclipse.jgit.internal.util.ShutdownHook.doCleanup(ShutdownHook.java:93)
	at org.eclipse.jgit.internal.util.ShutdownHook.lambda$1(ShutdownHook.java:80)
	at java.base/java.util.concurrent.ForkJoinTask$AdaptedCallable.exec(ForkJoinTask.java:1428)
	at java.base/java.util.concurrent.ForkJoinTask.doExec(ForkJoinTask.java:373)
	at java.base/java.util.concurrent.ForkJoinPool$WorkQueue.topLevelExec(ForkJoinPool.java:1182)
	at java.base/java.util.concurrent.ForkJoinPool.scan(ForkJoinPool.java:1655)
	at java.base/java.util.concurrent.ForkJoinPool.runWorker(ForkJoinPool.java:1622)
	at java.base/java.util.concurrent.ForkJoinWorkerThread.run(ForkJoinWorkerThread.java:165)
Caused by: java.lang.IllegalStateException: Shutdown in progress
	at java.base/java.lang.ApplicationShutdownHooks.add(ApplicationShutdownHooks.java:66)
	at java.base/java.lang.Runtime.addShutdownHook(Runtime.java:216)
	at jp.sourceforge.mergedoc.pleiades.log.FileLogger.<init>(FileLogger.java:56)
	at jp.sourceforge.mergedoc.pleiades.log.Logger.getLoggerInternal(Logger.java:184)
	at jp.sourceforge.mergedoc.pleiades.log.Logger.getLogger(Logger.java:61)
	at jp.sourceforge.mergedoc.pleiades.resource.TranslationString.<clinit>(TranslationString.java:32)
	... 31 common frames omitted
